
[2025-08-25 18:31:00.716286] 3 articles récupérés
- Hacker News: Japan Post to temporarily suspend mail to US over end of de minimis exemption (https://www.post.japanpost.jp/int/information/2025/0825_01_en.html)
- TechCrunch: Google will require developer verification for Android apps outside the Play Store (https://techcrunch.com/2025/08/25/google-will-require-developer-verification-for-android-apps-outside-the-play-store/)
- Dev.to: 10 Open Source Gems To Become The Ultimate Developer 🔥 (https://dev.to/anthonymax/10-open-source-gems-to-become-the-ultimate-developer-dkk)

[2025-08-29 10:06:42.277394] 3 articles récupérés
- Hacker News: Show HN: Vectorless RAG (https://github.com/VectifyAI/PageIndex/blob/main/cookbook/pageindex_RAG_simple.ipynb)
- TechCrunch: Vocal Image is using AI to help people communicate better (https://techcrunch.com/2025/08/29/vocal-image-is-using-ai-to-help-people-communicate-better/)
- Dev.to: 10 Open Source Tools Every Developer Should Know 🔥 (https://dev.to/anthonymax/10-open-source-tools-every-developer-should-know-1c8i)

[2025-08-29 10:11:28.210569] 3 articles récupérés
- Hacker News: Show HN: Vectorless RAG (https://github.com/VectifyAI/PageIndex/blob/main/cookbook/pageindex_RAG_simple.ipynb)
- TechCrunch: Vocal Image is using AI to help people communicate better (https://techcrunch.com/2025/08/29/vocal-image-is-using-ai-to-help-people-communicate-better/)
- Dev.to: 10 Open Source Tools Every Developer Should Know 🔥 (https://dev.to/anthonymax/10-open-source-tools-every-developer-should-know-1c8i)

[2025-08-30 07:07:53.974060] 3 articles récupérés
- Hacker News: Do the simplest thing that could possibly work (https://www.seangoedecke.com/the-simplest-thing-that-could-possibly-work/)
- TechCrunch: Cracks are forming in Meta’s partnership with Scale AI (https://techcrunch.com/2025/08/29/cracks-are-forming-in-metas-partnership-with-scale-ai/)
- Dev.to: 10 Open Source Tools Every Developer Should Know 🔥 (https://dev.to/anthonymax/10-open-source-tools-every-developer-should-know-559p)

[2025-08-31 07:08:03.664689] 3 articles récupérés
- Hacker News: Cognitive load is what matters (https://github.com/zakirullin/cognitive-load)
- TechCrunch: Nvidia says two mystery customers accounted for 39% of Q2 revenue (https://techcrunch.com/2025/08/30/nvidia-says-two-mystery-customers-accounted-for-39-of-q2-revenue/)
- Dev.to: 10 Open Source Tools Every Developer Should Know 🔥 (https://dev.to/anthonymax/10-open-source-tools-every-developer-should-know-559p)

[2025-09-01 07:11:10.462352] 3 articles récupérés
- Hacker News: We should have the ability to run any code we want on hardware we own (https://hugotunius.se/2025/08/31/what-every-argument-about-sideloading-gets-wrong.html)
- TechCrunch: Murder at Burning Man turns Silicon Valley&#8217;s desert playground into a crime scene (https://techcrunch.com/2025/08/31/murder-at-burning-man-turns-silicon-valleys-desert-playground-into-a-crime-scene/)
- Dev.to: AI in Software Development: Boosting or Slowing Your Productivity (https://dev.to/empiree/ai-in-software-development-boosting-or-slowing-your-productivity-fkl)
